23-04-21 16:13:49	start training!
23-04-21 16:13:49	{'batch_size': 8, 'learning_rate': 1e-05, 'warmup_steps': 10000, 'warmup_steps_rate': 0.1, 'max_epoch': 20, 'pretrained_model': './models/chinese-roberta-wwm-ext', 'task_type': 'train', 'model_class': 'BertGruAttnSaModel', 'attn_head': 4, 'train_file': './data/train_splited.csv', 'dev_file': './data/dev_splited.csv', 'test_file': 'data/test_public.csv', 'checkpoint': 'save/xxx.pt', 'seed': 19260817, 'max_length': 512, 'save_name': 'draft', 'debug': False, 'start_time': '20230421-161347'}
23-04-21 16:13:49	model name: BertGruAttnSaModel
23-04-21 16:13:50	Start Training
23-04-21 16:15:35	Epoch[1/20]	loss=0.047490	score=0.171112	s_ner=0.0004090816117815504	s_sa=0.3418153584717704	
23-04-21 16:15:36	saved as checkpoint
23-04-21 16:17:18	Epoch[2/20]	loss=0.021309	score=0.214500	s_ner=0.0004090816117815504	s_sa=0.4285905590893874	
23-04-21 16:17:19	saved as checkpoint
23-04-21 16:19:03	Epoch[3/20]	loss=0.012566	score=0.215746	s_ner=0.0004090816117815504	s_sa=0.43108306787552053	
23-04-21 16:19:04	saved as checkpoint
23-04-21 16:20:46	Epoch[4/20]	loss=0.007076	score=0.208920	s_ner=0.0004090816117815504	s_sa=0.4174302184466018	
23-04-21 16:22:29	Epoch[5/20]	loss=0.003362	score=0.209907	s_ner=0.0004090816117815504	s_sa=0.4194058923788653	
23-04-21 16:24:11	Epoch[6/20]	loss=0.003764	score=0.257026	s_ner=0.0004090816117815504	s_sa=0.5136428345460297	
23-04-21 16:24:12	saved as checkpoint
23-04-21 16:25:53	Epoch[7/20]	loss=0.001955	score=0.269232	s_ner=0.0004090816117815504	s_sa=0.538055703243221	
23-04-21 16:25:54	saved as checkpoint
23-04-21 16:27:29	Epoch[8/20]	loss=0.001254	score=0.258194	s_ner=0.0004090816117815504	s_sa=0.5159779614325068	
23-04-21 16:28:35	Epoch[9/20]	loss=0.001426	score=0.256010	s_ner=0.0004090816117815504	s_sa=0.5116111839600693	
23-04-21 16:29:40	Epoch[10/20]	loss=0.000477	score=0.261797	s_ner=0.0004090816117815504	s_sa=0.5231840836669662	
23-04-21 16:30:46	Epoch[11/20]	loss=0.000470	score=0.260426	s_ner=0.0004090816117815504	s_sa=0.5204432556362247	
23-04-21 16:31:52	Epoch[12/20]	loss=0.000535	score=0.271077	s_ner=0.0004090816117815504	s_sa=0.5417453023713793	
23-04-21 16:31:52	saved as checkpoint
23-04-21 16:33:02	Epoch[13/20]	loss=0.000158	score=0.258115	s_ner=0.0004090816117815504	s_sa=0.5158214934896317	
23-04-21 16:34:08	Epoch[14/20]	loss=0.000094	score=0.267474	s_ner=0.0004090816117815504	s_sa=0.5345387111729254	
23-04-21 16:35:14	Epoch[15/20]	loss=0.000297	score=0.271825	s_ner=0.0004090816117815504	s_sa=0.5432418907238069	
23-04-21 16:35:15	saved as checkpoint
23-04-21 16:36:21	Epoch[16/20]	loss=0.000146	score=0.283210	s_ner=0.0004090816117815504	s_sa=0.5660100678485446	
23-04-21 16:36:22	saved as checkpoint
23-04-21 16:37:33	Epoch[17/20]	loss=0.000026	score=0.279627	s_ner=0.0004090816117815504	s_sa=0.5588457773427071	
23-04-21 16:38:40	Epoch[18/20]	loss=0.000028	score=0.277509	s_ner=0.0004090816117815504	s_sa=0.5546091739863366	
23-04-21 16:39:47	Epoch[19/20]	loss=0.000021	score=0.277628	s_ner=0.0004090816117815504	s_sa=0.5548476090383604	
23-04-21 16:40:54	Epoch[20/20]	loss=0.000032	score=0.272222	s_ner=0.0004090816117815504	s_sa=0.544035894068724	
23-04-21 16:40:54	Training Finished
