23-04-21 20:00:25	start training!
23-04-21 20:00:25	{'batch_size': 8, 'learning_rate': 1e-05, 'warmup_steps': 10000, 'warmup_steps_rate': 0.1, 'max_epoch': 20, 'pretrained_model': './models/chinese-roberta-wwm-ext', 'task_type': 'train', 'model_class': 'BertGruAttnSaModel', 'attn_head': 4, 'train_file': './data/train_data_public.csv', 'dev_file': './data/train_data_public.csv', 'test_file': 'data/test_public.csv', 'checkpoint': 'save/xxx.pt', 'seed': 19260817, 'max_length': 512, 'save_name': 'gruattn_sa_nodev', 'debug': False, 'start_time': '20230421-200024'}
23-04-21 20:00:25	model name: BertGruAttnSaModel
23-04-21 20:00:29	Start Training
23-04-21 20:02:21	Epoch[1/20]	loss=0.043786	score=0.269811	s_ner=0.00022303395568067482	s_sa=0.5393980692695948	
23-04-21 20:02:23	saved as checkpoint
23-04-21 20:04:13	Epoch[2/20]	loss=0.020756	score=0.343703	s_ner=0.00022303395568067482	s_sa=0.6871827558641965	
23-04-21 20:04:14	saved as checkpoint
23-04-21 20:06:06	Epoch[3/20]	loss=0.012845	score=0.395672	s_ner=0.00022303395568067482	s_sa=0.791121493144735	
23-04-21 20:06:08	saved as checkpoint
23-04-21 20:07:59	Epoch[4/20]	loss=0.008005	score=0.426238	s_ner=0.00022303395568067482	s_sa=0.8522528872933475	
23-04-21 20:08:01	saved as checkpoint
23-04-21 20:09:49	Epoch[5/20]	loss=0.004809	score=0.458579	s_ner=0.00022303395568067482	s_sa=0.9169345665596907	
23-04-21 20:09:50	saved as checkpoint
23-04-21 20:11:38	Epoch[6/20]	loss=0.003124	score=0.460435	s_ner=0.00022303395568067482	s_sa=0.9206468637133367	
23-04-21 20:11:39	saved as checkpoint
23-04-21 20:13:32	Epoch[7/20]	loss=0.002932	score=0.459874	s_ner=0.00022303395568067482	s_sa=0.9195258217227446	
23-04-21 20:15:33	Epoch[8/20]	loss=0.001723	score=0.483952	s_ner=0.00022303395568067482	s_sa=0.9676801471372268	
23-04-21 20:15:34	saved as checkpoint
23-04-21 20:17:49	Epoch[9/20]	loss=0.001300	score=0.470678	s_ner=0.00022303395568067482	s_sa=0.9411333558028813	
23-04-21 20:20:15	Epoch[10/20]	loss=0.001244	score=0.488201	s_ner=0.00022303395568067482	s_sa=0.9761781315444478	
23-04-21 20:20:16	saved as checkpoint
23-04-21 20:22:02	Epoch[11/20]	loss=0.001866	score=0.478581	s_ner=0.00022303395568067482	s_sa=0.9569393505080669	
23-04-21 20:23:33	Epoch[12/20]	loss=0.000629	score=0.493786	s_ner=0.00022303395568067482	s_sa=0.9873493901243994	
23-04-21 20:23:34	saved as checkpoint
23-04-21 20:25:08	Epoch[13/20]	loss=0.000479	score=0.494584	s_ner=0.00022303395568067482	s_sa=0.9889442302124463	
23-04-21 20:25:09	saved as checkpoint
23-04-21 20:26:43	Epoch[14/20]	loss=0.000369	score=0.494318	s_ner=0.00022303395568067482	s_sa=0.9884127756955985	
23-04-21 20:28:13	Epoch[15/20]	loss=0.000294	score=0.499066	s_ner=0.00022303395568067482	s_sa=0.9979081901662987	
23-04-21 20:28:16	saved as checkpoint
23-04-21 20:29:50	Epoch[16/20]	loss=0.000331	score=0.499589	s_ner=0.00022303395568067482	s_sa=0.9989549154582414	
23-04-21 20:29:51	saved as checkpoint
23-04-21 20:31:27	Epoch[17/20]	loss=0.000142	score=0.500112	s_ner=0.00022303395568067482	s_sa=1.0	
23-04-21 20:31:28	saved as checkpoint
23-04-21 20:32:59	Epoch[18/20]	loss=0.000123	score=0.500112	s_ner=0.00022303395568067482	s_sa=1.0	
23-04-21 20:34:27	Epoch[19/20]	loss=0.000094	score=0.500112	s_ner=0.00022303395568067482	s_sa=1.0	
23-04-21 20:35:57	Epoch[20/20]	loss=0.000073	score=0.500112	s_ner=0.00022303395568067482	s_sa=1.0	
23-04-21 20:35:58	Training Finished
