23-04-18 21:54:34	start training!
23-04-18 21:54:34	{'batch_size': 8, 'learning_rate': 2e-05, 'warmup_steps': 2000, 'max_epoch': 20, 'pretrained_model': './models/chinese-roberta-wwm-ext-large', 'task_type': 'train', 'train_file': './data/train_splited.csv', 'dev_file': './data/dev_splited.csv', 'test_file': 'data/test_public.csv', 'checkpoint': 'save/xxx.pt', 'seed': 19260817, 'max_length': 512, 'save_name': 'linear', 'debug': False, 'start_time': '20230418-215427'}
23-04-18 21:54:34	model name: BertLinearModel
23-04-18 21:54:36	Start Training
23-04-18 21:57:08	Epoch[1/20]	loss=0.869339	score=0.557460	s_ner=0.6499686912961803	s_sa=0.46495141780686094	
23-04-18 21:57:13	saved as checkpoint
23-04-18 21:59:20	Epoch[2/20]	loss=0.341430	score=0.610745	s_ner=0.7539109506618532	s_sa=0.4675791541999731	
23-04-18 21:59:25	saved as checkpoint
23-04-18 22:01:31	Epoch[3/20]	loss=0.235494	score=0.629475	s_ner=0.7836710369487485	s_sa=0.4752780974299962	
23-04-18 22:01:36	saved as checkpoint
23-04-18 22:03:44	Epoch[4/20]	loss=0.156519	score=0.602463	s_ner=0.7737781679836113	s_sa=0.43114704191049635	
23-04-18 22:05:51	Epoch[5/20]	loss=0.118686	score=0.651024	s_ner=0.8	s_sa=0.5020471909163817	
23-04-18 22:05:56	saved as checkpoint
23-04-18 22:08:03	Epoch[6/20]	loss=0.088208	score=0.665642	s_ner=0.7969075230449003	s_sa=0.5343757098508366	
23-04-18 22:08:09	saved as checkpoint
23-04-18 22:10:15	Epoch[7/20]	loss=0.059814	score=0.649192	s_ner=0.7938841517200822	s_sa=0.5045001061345786	
23-04-18 22:12:22	Epoch[8/20]	loss=0.041509	score=0.658750	s_ner=0.7888307155322862	s_sa=0.5286693742084807	
23-04-18 22:14:29	Epoch[9/20]	loss=0.045579	score=0.638019	s_ner=0.8009549388242315	s_sa=0.4750823173444871	
23-04-18 22:16:36	Epoch[10/20]	loss=0.033058	score=0.645409	s_ner=0.7948113207547169	s_sa=0.49600667809764465	
23-04-18 22:18:42	Epoch[11/20]	loss=0.025588	score=0.668232	s_ner=0.802962962962963	s_sa=0.5335000688357578	
23-04-18 22:18:48	saved as checkpoint
23-04-18 22:20:55	Epoch[12/20]	loss=0.023544	score=0.670336	s_ner=0.8067877344447754	s_sa=0.5338850933101013	
23-04-18 22:21:00	saved as checkpoint
23-04-18 22:23:07	Epoch[13/20]	loss=0.015608	score=0.668088	s_ner=0.8143928035982009	s_sa=0.5217840418694333	
23-04-18 22:25:13	Epoch[14/20]	loss=0.009929	score=0.663548	s_ner=0.7973052138254247	s_sa=0.5297907338024308	
23-04-18 22:27:21	Epoch[15/20]	loss=0.006604	score=0.671217	s_ner=0.8174123337363967	s_sa=0.5250210260723296	
23-04-18 22:27:26	saved as checkpoint
23-04-18 22:29:31	Epoch[16/20]	loss=0.005181	score=0.665247	s_ner=0.820030349013657	s_sa=0.5104630351980175	
23-04-18 22:31:38	Epoch[17/20]	loss=0.004445	score=0.664300	s_ner=0.8187878787878787	s_sa=0.5098112154747513	
23-04-18 22:33:44	Epoch[18/20]	loss=0.003339	score=0.660961	s_ner=0.8186466165413533	s_sa=0.50327555616214	
23-04-18 22:35:51	Epoch[19/20]	loss=0.002444	score=0.667839	s_ner=0.8217761557177616	s_sa=0.5139023378060588	
23-04-18 22:37:59	Epoch[20/20]	loss=0.002043	score=0.667736	s_ner=0.8215692214480461	s_sa=0.5139023378060588	
23-04-18 22:37:59	Training Finished
