23-04-27 16:29:08	start training!
23-04-27 16:29:08	{'batch_size': 4, 'learning_rate': 1e-05, 'warmup_steps': 10000, 'warmup_steps_rate': 0.1, 'max_epoch': 20, 'pretrained_model': './models/chinese-roberta-wwm-ext-large', 'task_type': 'train', 'model_class': 'BertPromptSaModel', 'dataset_class': 'PromptDataset', 'train_file': './data/train_splited.csv', 'dev_file': './data/dev_splited.csv', 'test_file': 'data/test_public.csv', 'checkpoint': 'save/xxx.pt', 'seed': 19260817, 'max_length': 512, 'save_name': 'prompt_sa', 'debug': False, 'start_time': '20230427-162903'}
23-04-27 16:29:08	model name: BertPromptSaModel
23-04-27 16:29:10	Start Training
23-04-27 16:33:14	Epoch[1/20]	loss=1.132927	score=0.225061	s_ner=0.0004269449715370019	s_sa=0.44969549330085273	
23-04-27 16:33:20	saved as checkpoint
23-04-27 16:37:17	Epoch[2/20]	loss=0.272373	score=0.267443	s_ner=0.0004269449715370019	s_sa=0.5344581005586592	
23-04-27 16:37:24	saved as checkpoint
23-04-27 16:41:20	Epoch[3/20]	loss=0.173634	score=0.281077	s_ner=0.0004269449715370019	s_sa=0.5617261553811963	
23-04-27 16:41:26	saved as checkpoint
23-04-27 16:45:14	Epoch[4/20]	loss=0.093103	score=0.265924	s_ner=0.0004269449715370019	s_sa=0.531421502474134	
23-04-27 16:49:09	Epoch[5/20]	loss=0.054542	score=0.261860	s_ner=0.0004269449715370019	s_sa=0.5232928746070555	
23-04-27 16:52:58	Epoch[6/20]	loss=0.037530	score=0.263040	s_ner=0.0004269449715370019	s_sa=0.5256530199835343	
23-04-27 16:56:49	Epoch[7/20]	loss=0.024535	score=0.253647	s_ner=0.0004269449715370019	s_sa=0.5068666355431062	
23-04-27 17:00:35	Epoch[8/20]	loss=0.015115	score=0.250106	s_ner=0.0004269449715370019	s_sa=0.49978508069243094	
23-04-27 17:04:38	Epoch[9/20]	loss=0.014199	score=0.248792	s_ner=0.0004269449715370019	s_sa=0.4971571395863544	
23-04-27 17:08:44	Epoch[10/20]	loss=0.016513	score=0.275094	s_ner=0.0004269449715370019	s_sa=0.5497608291256976	
23-04-27 17:12:34	Epoch[11/20]	loss=0.010722	score=0.282777	s_ner=0.0004269449715370019	s_sa=0.5651266103953798	
23-04-27 17:12:41	saved as checkpoint
23-04-27 17:16:30	Epoch[12/20]	loss=0.007209	score=0.267550	s_ner=0.0004269449715370019	s_sa=0.5346722577797394	
23-04-27 17:20:33	Epoch[13/20]	loss=0.005668	score=0.265205	s_ner=0.0004269449715370019	s_sa=0.5299840146152089	
23-04-27 17:24:36	Epoch[14/20]	loss=0.001824	score=0.258029	s_ner=0.0004269449715370019	s_sa=0.5156310304901582	
23-04-27 17:28:43	Epoch[15/20]	loss=0.001286	score=0.254789	s_ner=0.0004269449715370019	s_sa=0.5091501690004828	
23-04-27 17:32:32	Epoch[16/20]	loss=0.000691	score=0.270837	s_ner=0.0004269449715370019	s_sa=0.5412467891721002	
23-04-27 17:36:32	Epoch[17/20]	loss=0.001956	score=0.261766	s_ner=0.0004269449715370019	s_sa=0.5231047100769374	
23-04-27 17:40:54	Epoch[18/20]	loss=0.001151	score=0.255011	s_ner=0.0004269449715370019	s_sa=0.5095958846515307	
23-04-27 17:44:56	Epoch[19/20]	loss=0.000070	score=0.263981	s_ner=0.0004269449715370019	s_sa=0.5275351126984892	
23-04-27 17:48:51	Epoch[20/20]	loss=0.000022	score=0.270174	s_ner=0.0004269449715370019	s_sa=0.5399209674347741	
23-04-27 17:48:52	Training Finished
