23-04-18 21:46:42	start training!
23-04-18 21:46:42	{'batch_size': 8, 'learning_rate': 2e-05, 'warmup_steps': 2000, 'max_epoch': 20, 'pretrained_model': './models/chinese-roberta-wwm-ext', 'task_type': 'train', 'train_file': './data/train_splited.csv', 'dev_file': './data/dev_splited.csv', 'test_file': 'data/test_public.csv', 'checkpoint': 'save/xxx.pt', 'seed': 19260817, 'max_length': 512, 'save_name': 'linear', 'debug': False, 'start_time': '20230418-214640'}
23-04-18 21:46:42	model name: BertLinearModel
23-04-18 21:46:44	Start Training
23-04-18 21:47:47	Epoch[1/20]	loss=1.024959	score=0.494688	s_ner=0.5430236544394926	s_sa=0.44635260753111716	
23-04-18 21:47:48	saved as checkpoint
23-04-18 21:48:47	Epoch[2/20]	loss=0.390832	score=0.609804	s_ner=0.724117987275882	s_sa=0.49548917870331416	
23-04-18 21:48:49	saved as checkpoint
23-04-18 21:49:47	Epoch[3/20]	loss=0.278249	score=0.612349	s_ner=0.7643236857649144	s_sa=0.4603738571557888	
23-04-18 21:49:48	saved as checkpoint
23-04-18 21:50:46	Epoch[4/20]	loss=0.195628	score=0.626617	s_ner=0.7814803892657033	s_sa=0.4717545414266726	
23-04-18 21:50:47	saved as checkpoint
23-04-18 21:51:46	Epoch[5/20]	loss=0.142407	score=0.608827	s_ner=0.7924416888101565	s_sa=0.4252130558293234	
23-04-18 21:52:48	Epoch[6/20]	loss=0.107323	score=0.650682	s_ner=0.7863397548161121	s_sa=0.5150236593059936	
23-04-18 21:52:49	saved as checkpoint
23-04-18 21:53:48	Epoch[7/20]	loss=0.080448	score=0.650059	s_ner=0.7915551590841511	s_sa=0.5085637428493599	
23-04-18 21:54:48	Epoch[8/20]	loss=0.069294	score=0.659124	s_ner=0.7938388625592417	s_sa=0.5244092732946946	
23-04-18 21:54:49	saved as checkpoint
23-04-18 21:55:49	Epoch[9/20]	loss=0.052058	score=0.652256	s_ner=0.7931944851862717	s_sa=0.5113166220491603	
23-04-18 21:56:50	Epoch[10/20]	loss=0.047658	score=0.659864	s_ner=0.8023988005997001	s_sa=0.5173283193025938	
23-04-18 21:56:51	saved as checkpoint
23-04-18 21:57:51	Epoch[11/20]	loss=0.044307	score=0.662209	s_ner=0.7825581395348836	s_sa=0.5418593331710878	
23-04-18 21:57:52	saved as checkpoint
23-04-18 21:58:51	Epoch[12/20]	loss=0.035346	score=0.632943	s_ner=0.7923967923967924	s_sa=0.47348924395251263	
23-04-18 21:59:50	Epoch[13/20]	loss=0.030444	score=0.650017	s_ner=0.7918871252204586	s_sa=0.5081465498260601	
23-04-18 22:00:49	Epoch[14/20]	loss=0.026702	score=0.639931	s_ner=0.7948946274859008	s_sa=0.4849679531516575	
23-04-18 22:01:50	Epoch[15/20]	loss=0.023335	score=0.655880	s_ner=0.7941960319810483	s_sa=0.5175636267232236	
23-04-18 22:02:51	Epoch[16/20]	loss=0.018525	score=0.665291	s_ner=0.7868080094228505	s_sa=0.5437746137534081	
23-04-18 22:02:52	saved as checkpoint
23-04-18 22:03:53	Epoch[17/20]	loss=0.016588	score=0.663863	s_ner=0.7986857825567504	s_sa=0.529039577606144	
23-04-18 22:04:54	Epoch[18/20]	loss=0.014537	score=0.668339	s_ner=0.801203007518797	s_sa=0.5354753835176597	
23-04-18 22:04:55	saved as checkpoint
23-04-18 22:05:55	Epoch[19/20]	loss=0.013307	score=0.666089	s_ner=0.7993984962406016	s_sa=0.5327794424770724	
23-04-18 22:06:57	Epoch[20/20]	loss=0.012090	score=0.671384	s_ner=0.7997598318823176	s_sa=0.5430081264709801	
23-04-18 22:06:58	saved as checkpoint
23-04-18 22:06:58	Training Finished
