23-04-23 11:42:29	start training!
23-04-23 11:42:29	{'batch_size': 4, 'learning_rate': 1e-05, 'warmup_steps': 10000, 'warmup_steps_rate': 0.05, 'max_epoch': 20, 'pretrained_model': './models/chinese-roberta-wwm-ext', 'task_type': 'train', 'model_class': 'BertGruAttnSaModel', 'train_file': './data/train_splited.csv', 'dev_file': './data/dev_splited.csv', 'test_file': 'data/test_public.csv', 'checkpoint': 'save/xxx.pt', 'seed': 19260817, 'max_length': 512, 'save_name': 'gruattn_sa_nodev', 'debug': False, 'start_time': '20230423-114228'}
23-04-23 11:42:29	model name: BertGruAttnSaModel
23-04-23 11:42:31	Start Training
23-04-23 11:45:01	Epoch[1/20]	loss=0.037686	score=0.225235	s_ner=0.0005313339433834166	s_sa=0.4499390197423585	
23-04-23 11:45:02	saved as checkpoint
23-04-23 11:47:29	Epoch[2/20]	loss=0.018907	score=0.218451	s_ner=0.0005313339433834166	s_sa=0.43637032946806575	
23-04-23 11:50:32	Epoch[3/20]	loss=0.011842	score=0.242376	s_ner=0.0005313339433834166	s_sa=0.4842206470100294	
23-04-23 11:50:33	saved as checkpoint
23-04-23 11:53:31	Epoch[4/20]	loss=0.005877	score=0.256909	s_ner=0.0005313339433834166	s_sa=0.5132857197711477	
23-04-23 11:53:32	saved as checkpoint
23-04-23 11:56:04	Epoch[5/20]	loss=0.003459	score=0.281563	s_ner=0.0005313339433834166	s_sa=0.5625951446198222	
23-04-23 11:56:06	saved as checkpoint
23-04-23 11:58:35	Epoch[6/20]	loss=0.003138	score=0.239201	s_ner=0.0005313339433834166	s_sa=0.47787132280678785	
23-04-23 12:01:17	Epoch[7/20]	loss=0.002003	score=0.267459	s_ner=0.0005313339433834166	s_sa=0.534386808656819	
23-04-23 12:03:41	Epoch[8/20]	loss=0.001231	score=0.252599	s_ner=0.0005313339433834166	s_sa=0.5046661748432313	
23-04-23 12:05:55	Epoch[9/20]	loss=0.001357	score=0.245068	s_ner=0.0005313339433834166	s_sa=0.48960471303686814	
23-04-23 12:08:30	Epoch[10/20]	loss=0.000846	score=0.276496	s_ner=0.0005313339433834166	s_sa=0.5524605753229258	
23-04-23 12:12:21	Epoch[11/20]	loss=0.000447	score=0.287571	s_ner=0.0005313339433834166	s_sa=0.5746110180912319	
23-04-23 12:12:22	saved as checkpoint
23-04-23 12:16:13	Epoch[12/20]	loss=0.000793	score=0.249317	s_ner=0.0005313339433834166	s_sa=0.49810242807590294	
23-04-23 12:20:05	Epoch[13/20]	loss=0.000276	score=0.225200	s_ner=0.0005313339433834166	s_sa=0.44986779849707786	
23-04-23 12:23:34	Epoch[14/20]	loss=0.000314	score=0.244651	s_ner=0.0005313339433834166	s_sa=0.4887697137304733	
23-04-23 12:27:27	Epoch[15/20]	loss=0.000329	score=0.250873	s_ner=0.0005313339433834166	s_sa=0.501215465349591	
23-04-23 12:31:19	Epoch[16/20]	loss=0.000095	score=0.280541	s_ner=0.0005313339433834166	s_sa=0.560550250113688	
23-04-23 12:35:10	Epoch[17/20]	loss=0.000105	score=0.268887	s_ner=0.0005313339433834166	s_sa=0.5372418879056047	
23-04-23 12:39:03	Epoch[18/20]	loss=0.000029	score=0.276443	s_ner=0.0005313339433834166	s_sa=0.5523536865818743	
23-04-23 12:42:32	Epoch[19/20]	loss=0.000016	score=0.270895	s_ner=0.0005313339433834166	s_sa=0.5412592524901764	
23-04-23 12:46:22	Epoch[20/20]	loss=0.000011	score=0.266842	s_ner=0.0005313339433834166	s_sa=0.5331535385473821	
23-04-23 12:46:23	Training Finished
