23-04-27 16:28:29	start training!
23-04-27 16:28:29	{'batch_size': 8, 'learning_rate': 1e-05, 'warmup_steps': 10000, 'warmup_steps_rate': 0.1, 'max_epoch': 20, 'pretrained_model': './models/chinese-roberta-wwm-ext-large', 'task_type': 'train', 'model_class': 'BertPromptSaModel', 'dataset_class': 'PromptDataset', 'train_file': './data/train_splited.csv', 'dev_file': './data/dev_splited.csv', 'test_file': 'data/test_public.csv', 'checkpoint': 'save/xxx.pt', 'seed': 19260817, 'max_length': 512, 'save_name': 'prompt_sa', 'debug': False, 'start_time': '20230427-162822'}
23-04-27 16:28:29	model name: BertPromptSaModel
23-04-27 16:28:31	Start Training
23-04-27 16:30:55	Epoch[1/20]	loss=1.411464	score=0.163916	s_ner=0.00034427358274041774	s_sa=0.32748751674582854	
23-04-27 16:31:01	saved as checkpoint
23-04-27 16:33:21	Epoch[2/20]	loss=0.282432	score=0.254564	s_ner=0.00034427358274041774	s_sa=0.5087828162291169	
23-04-27 16:33:29	saved as checkpoint
23-04-27 16:35:48	Epoch[3/20]	loss=0.194480	score=0.258506	s_ner=0.00034427358274041774	s_sa=0.5166680470432334	
23-04-27 16:35:54	saved as checkpoint
23-04-27 16:38:13	Epoch[4/20]	loss=0.114316	score=0.290074	s_ner=0.00034427358274041774	s_sa=0.5798044363276642	
23-04-27 16:38:19	saved as checkpoint
23-04-27 16:40:39	Epoch[5/20]	loss=0.058873	score=0.262287	s_ner=0.00034427358274041774	s_sa=0.5242301777475771	
23-04-27 16:42:59	Epoch[6/20]	loss=0.039372	score=0.284395	s_ner=0.00034427358274041774	s_sa=0.5684460455215326	
23-04-27 16:45:20	Epoch[7/20]	loss=0.025219	score=0.275862	s_ner=0.00034427358274041774	s_sa=0.5513798198369951	
23-04-27 16:47:41	Epoch[8/20]	loss=0.019474	score=0.262003	s_ner=0.00034427358274041774	s_sa=0.5236619582972998	
23-04-27 16:50:01	Epoch[9/20]	loss=0.015902	score=0.287433	s_ner=0.00034427358274041774	s_sa=0.5745215003004033	
23-04-27 16:52:22	Epoch[10/20]	loss=0.008082	score=0.276262	s_ner=0.00034427358274041774	s_sa=0.5521806167400881	
23-04-27 16:54:43	Epoch[11/20]	loss=0.010730	score=0.271981	s_ner=0.00034427358274041774	s_sa=0.5436168392230682	
23-04-27 16:57:04	Epoch[12/20]	loss=0.004057	score=0.271585	s_ner=0.00034427358274041774	s_sa=0.5428254109284762	
23-04-27 16:59:25	Epoch[13/20]	loss=0.003654	score=0.270643	s_ner=0.00034427358274041774	s_sa=0.5409413423824422	
23-04-27 17:01:46	Epoch[14/20]	loss=0.003480	score=0.256318	s_ner=0.00034427358274041774	s_sa=0.5122910076818796	
23-04-27 17:04:07	Epoch[15/20]	loss=0.002434	score=0.249034	s_ner=0.00034427358274041774	s_sa=0.4977242407596328	
23-04-27 17:06:27	Epoch[16/20]	loss=0.004898	score=0.260512	s_ner=0.00034427358274041774	s_sa=0.5206800186306475	
23-04-27 17:08:47	Epoch[17/20]	loss=0.000994	score=0.255303	s_ner=0.00034427358274041774	s_sa=0.5102607657699016	
23-04-27 17:11:08	Epoch[18/20]	loss=0.001005	score=0.257447	s_ner=0.00034427358274041774	s_sa=0.5145494505494507	
23-04-27 17:13:28	Epoch[19/20]	loss=0.000111	score=0.262747	s_ner=0.00034427358274041774	s_sa=0.5251502336968616	
23-04-27 17:15:49	Epoch[20/20]	loss=0.000084	score=0.260966	s_ner=0.00034427358274041774	s_sa=0.5215868794326239	
23-04-27 17:15:49	Training Finished
