23-04-20 13:58:45	start training!
23-04-20 13:58:45	{'batch_size': 4, 'learning_rate': 1e-05, 'warmup_steps': 2000, 'max_epoch': 20, 'pretrained_model': './models/chinese-roberta-wwm-ext', 'task_type': 'train', 'model_class': 'BertSaModel', 'train_file': './data/train_splited.csv', 'dev_file': './data/dev_splited.csv', 'test_file': 'data/test_public.csv', 'checkpoint': 'save/xxx.pt', 'seed': 19260817, 'max_length': 512, 'save_name': 'linear_sa', 'debug': False, 'start_time': '20230420-135843'}
23-04-20 13:58:45	model name: BertSaModel
23-04-20 13:58:47	Start Training
23-04-20 14:01:04	Epoch[1/20]	loss=0.427246	score=0.233690	s_ner=0.0005313339433834166	s_sa=0.46684964200477325	
23-04-20 14:01:04	saved as checkpoint
23-04-20 14:03:14	Epoch[2/20]	loss=0.229756	score=0.262865	s_ner=0.0005313339433834166	s_sa=0.5251992973922441	
23-04-20 14:03:15	saved as checkpoint
23-04-20 14:05:29	Epoch[3/20]	loss=0.123970	score=0.256093	s_ner=0.0005313339433834166	s_sa=0.511655054847317	
23-04-20 14:07:45	Epoch[4/20]	loss=0.062504	score=0.264254	s_ner=0.0005313339433834166	s_sa=0.5279759596742923	
23-04-20 14:07:47	saved as checkpoint
23-04-20 14:09:56	Epoch[5/20]	loss=0.040754	score=0.257076	s_ner=0.0005313339433834166	s_sa=0.513620272032793	
23-04-20 14:12:10	Epoch[6/20]	loss=0.024234	score=0.282044	s_ner=0.0005313339433834166	s_sa=0.5635561103927949	
23-04-20 14:12:12	saved as checkpoint
23-04-20 14:14:19	Epoch[7/20]	loss=0.024330	score=0.253456	s_ner=0.0005313339433834166	s_sa=0.5063810201263652	
23-04-20 14:16:32	Epoch[8/20]	loss=0.011062	score=0.250831	s_ner=0.0005313339433834166	s_sa=0.5011297543830286	
23-04-20 14:18:44	Epoch[9/20]	loss=0.013025	score=0.237873	s_ner=0.0005313339433834166	s_sa=0.47521561111595084	
23-04-20 14:20:59	Epoch[10/20]	loss=0.011912	score=0.251519	s_ner=0.0005313339433834166	s_sa=0.502506703975749	
23-04-20 14:23:13	Epoch[11/20]	loss=0.012771	score=0.260022	s_ner=0.0005313339433834166	s_sa=0.5195127256906679	
23-04-20 14:25:27	Epoch[12/20]	loss=0.002318	score=0.268277	s_ner=0.0005313339433834166	s_sa=0.5360234445446347	
23-04-20 14:27:39	Epoch[13/20]	loss=0.001488	score=0.257732	s_ner=0.0005313339433834166	s_sa=0.5149332396345748	
23-04-20 14:29:52	Epoch[14/20]	loss=0.000470	score=0.237168	s_ner=0.0005313339433834166	s_sa=0.47380547137697715	
23-04-20 14:32:07	Epoch[15/20]	loss=0.001112	score=0.263746	s_ner=0.0005313339433834166	s_sa=0.5269611103720455	
23-04-20 14:34:21	Epoch[16/20]	loss=0.002356	score=0.281862	s_ner=0.0005313339433834166	s_sa=0.5631933869915161	
23-04-20 14:36:34	Epoch[17/20]	loss=0.001749	score=0.272268	s_ner=0.0005313339433834166	s_sa=0.5440048445700444	
23-04-20 14:38:44	Epoch[18/20]	loss=0.000278	score=0.268219	s_ner=0.0005313339433834166	s_sa=0.5359066837107377	
23-04-20 14:40:50	Epoch[19/20]	loss=0.001345	score=0.280041	s_ner=0.0005313339433834166	s_sa=0.5595513105286539	
23-04-20 14:42:55	Epoch[20/20]	loss=0.000116	score=0.278191	s_ner=0.0005313339433834166	s_sa=0.5558504755585048	
23-04-20 14:42:56	Training Finished
