23-04-23 12:56:00	start training!
23-04-23 12:56:00	{'batch_size': 4, 'learning_rate': 1e-05, 'warmup_steps': 10000, 'warmup_steps_rate': 0.05, 'max_epoch': 20, 'pretrained_model': './models/chinese-roberta-wwm-ext-large', 'task_type': 'train', 'model_class': 'BertGruAttnSaModel', 'train_file': './data/train_splited.csv', 'dev_file': './data/dev_splited.csv', 'test_file': 'data/test_public.csv', 'checkpoint': 'save/xxx.pt', 'seed': 19260817, 'max_length': 512, 'save_name': 'gruattn_sa_nodev', 'debug': False, 'start_time': '20230423-125554'}
23-04-23 12:56:00	model name: BertGruAttnSaModel
23-04-23 12:56:02	Start Training
23-04-23 13:01:07	Epoch[1/20]	loss=0.035938	score=0.227352	s_ner=0.0005313339433834166	s_sa=0.45417364934961296	
23-04-23 13:01:12	saved as checkpoint
23-04-23 13:06:15	Epoch[2/20]	loss=0.017694	score=0.219560	s_ner=0.0005313339433834166	s_sa=0.4385892710159971	
23-04-23 13:11:18	Epoch[3/20]	loss=0.008349	score=0.216889	s_ner=0.0005313339433834166	s_sa=0.43324731509240655	
23-04-23 13:17:00	Epoch[4/20]	loss=0.004190	score=0.236208	s_ner=0.0005313339433834166	s_sa=0.47188396082374423	
23-04-23 13:17:06	saved as checkpoint
23-04-23 13:23:45	Epoch[5/20]	loss=0.002771	score=0.217911	s_ner=0.0005313339433834166	s_sa=0.43529033640454273	
23-04-23 13:30:01	Epoch[6/20]	loss=0.002668	score=0.257997	s_ner=0.0005313339433834166	s_sa=0.5154623566372687	
23-04-23 13:30:08	saved as checkpoint
23-04-23 13:36:20	Epoch[7/20]	loss=0.002038	score=0.271212	s_ner=0.0005313339433834166	s_sa=0.541893039049236	
23-04-23 13:36:31	saved as checkpoint
23-04-23 13:42:47	Epoch[8/20]	loss=0.000990	score=0.214038	s_ner=0.0005313339433834166	s_sa=0.4275453586138818	
23-04-23 13:49:00	Epoch[9/20]	loss=0.000570	score=0.249158	s_ner=0.0005313339433834166	s_sa=0.49778476489924267	
23-04-23 13:55:17	Epoch[10/20]	loss=0.001283	score=0.248577	s_ner=0.0005313339433834166	s_sa=0.4966234191462367	
23-04-23 14:01:35	Epoch[11/20]	loss=0.001136	score=0.278065	s_ner=0.0005313339433834166	s_sa=0.5555987390421903	
23-04-23 14:01:40	saved as checkpoint
23-04-23 14:07:53	Epoch[12/20]	loss=0.000061	score=0.280389	s_ner=0.0005313339433834166	s_sa=0.5602470325434715	
23-04-23 14:07:59	saved as checkpoint
23-04-23 14:14:16	Epoch[13/20]	loss=0.000275	score=0.263764	s_ner=0.0005313339433834166	s_sa=0.5269971323228185	
23-04-23 14:20:33	Epoch[14/20]	loss=0.000022	score=0.276743	s_ner=0.0005313339433834166	s_sa=0.5529553079567576	
23-04-23 14:26:46	Epoch[15/20]	loss=0.000020	score=0.270877	s_ner=0.0005313339433834166	s_sa=0.541222260450714	
23-04-23 14:32:59	Epoch[16/20]	loss=0.000124	score=0.255734	s_ner=0.0005313339433834166	s_sa=0.5109370979008127	
23-04-23 14:39:15	Epoch[17/20]	loss=0.000035	score=0.272553	s_ner=0.0005313339433834166	s_sa=0.5445741518013291	
23-04-23 14:45:51	Epoch[18/20]	loss=0.000017	score=0.269122	s_ner=0.0005313339433834166	s_sa=0.5377136248768579	
23-04-23 14:52:43	Epoch[19/20]	loss=0.000008	score=0.277925	s_ner=0.0005313339433834166	s_sa=0.5553193374080964	
23-04-23 14:59:29	Epoch[20/20]	loss=0.000003	score=0.277925	s_ner=0.0005313339433834166	s_sa=0.5553193374080964	
23-04-23 14:59:30	Training Finished
