23-04-15 23:59:48	start training!
23-04-15 23:59:48	{'batch_size': 8, 'learning_rate': 2e-05, 'warmup_steps': 2000, 'max_epoch': 20, 'pretrained_model': './models/bert-base-chinese', 'task_type': 'train', 'train_file': './data/train_splited.csv', 'dev_file': './data/dev_splited.csv', 'test_file': 'data/test_public.csv', 'checkpoint': 'save/xxx.pt', 'seed': 19260817, 'max_length': 512, 'save_name': 'linear', 'debug': False, 'start_time': '20230415-235947'}
23-04-15 23:59:48	model name: BertLinearModel
23-04-15 23:59:50	Start Training
23-04-16 00:00:53	Epoch[1/20]	loss=0.982980	score=0.469516	s_ner=0.5433155080213904	s_sa=0.3957156193190194	
23-04-16 00:00:54	saved as checkpoint
23-04-16 00:01:54	Epoch[2/20]	loss=0.389419	score=0.598890	s_ner=0.7323858482007861	s_sa=0.46539483327226083	
23-04-16 00:01:55	saved as checkpoint
23-04-16 00:02:56	Epoch[3/20]	loss=0.284860	score=0.625197	s_ner=0.7634278817139408	s_sa=0.4869670329670331	
23-04-16 00:02:57	saved as checkpoint
23-04-16 00:03:56	Epoch[4/20]	loss=0.197637	score=0.628697	s_ner=0.7769320843091335	s_sa=0.480462439418417	
23-04-16 00:03:57	saved as checkpoint
23-04-16 00:04:57	Epoch[5/20]	loss=0.141294	score=0.653288	s_ner=0.7829937998228522	s_sa=0.5235821925687334	
23-04-16 00:04:58	saved as checkpoint
23-04-16 00:05:57	Epoch[6/20]	loss=0.112252	score=0.657417	s_ner=0.796202907149214	s_sa=0.5186301369863014	
23-04-16 00:05:59	saved as checkpoint
23-04-16 00:06:58	Epoch[7/20]	loss=0.088240	score=0.643230	s_ner=0.7931034482758621	s_sa=0.49335658853962544	
23-04-16 00:07:58	Epoch[8/20]	loss=0.070324	score=0.641277	s_ner=0.7890716803760282	s_sa=0.49348317102973316	
23-04-16 00:08:58	Epoch[9/20]	loss=0.062650	score=0.648698	s_ner=0.7914092380111797	s_sa=0.5059874036628823	
23-04-16 00:09:58	Epoch[10/20]	loss=0.057893	score=0.648543	s_ner=0.7862350539515894	s_sa=0.510851271148906	
23-04-16 00:10:58	Epoch[11/20]	loss=0.043117	score=0.649369	s_ner=0.7921847246891652	s_sa=0.5065530799475754	
23-04-16 00:11:58	Epoch[12/20]	loss=0.041650	score=0.658005	s_ner=0.791728212703102	s_sa=0.5242820192650731	
23-04-16 00:11:59	saved as checkpoint
23-04-16 00:12:59	Epoch[13/20]	loss=0.034862	score=0.657539	s_ner=0.7973699940227137	s_sa=0.5177081968644919	
23-04-16 00:13:59	Epoch[14/20]	loss=0.030971	score=0.638251	s_ner=0.7916298261125847	s_sa=0.4848722071767096	
23-04-16 00:14:59	Epoch[15/20]	loss=0.025326	score=0.661048	s_ner=0.7974947807933195	s_sa=0.5246005137806417	
23-04-16 00:15:00	saved as checkpoint
23-04-16 00:16:00	Epoch[16/20]	loss=0.022023	score=0.643379	s_ner=0.7960644007155635	s_sa=0.49069409459837665	
23-04-16 00:17:00	Epoch[17/20]	loss=0.020072	score=0.650056	s_ner=0.7983367983367984	s_sa=0.5017747886600344	
23-04-16 00:18:00	Epoch[18/20]	loss=0.016612	score=0.646708	s_ner=0.781919577340769	s_sa=0.511496333846293	
23-04-16 00:19:00	Epoch[19/20]	loss=0.015102	score=0.660438	s_ner=0.7997591087021982	s_sa=0.521116988986211	
23-04-16 00:20:00	Epoch[20/20]	loss=0.013472	score=0.658764	s_ner=0.8038565833082254	s_sa=0.513671789959507	
23-04-16 00:20:00	Training Finished
